2021-12-13 11:35:35.772 +07:00 [INF] User profile is available. Using 'C:\Users\Admin\AppData\Local\ASP.NET\DataProtection-Keys' as key repository and Windows DPAPI to encrypt keys at rest.
2021-12-13 11:35:35.844 +07:00 [INF] Creating key {e4df20eb-753e-48cd-875a-fc23744cb361} with creation date 2021-12-13 04:35:35Z, activation date 2021-12-13 04:35:35Z, and expiration date 2022-03-13 04:35:35Z.
2021-12-13 11:35:35.929 +07:00 [INF] Writing data to file 'C:\Users\Admin\AppData\Local\ASP.NET\DataProtection-Keys\key-e4df20eb-753e-48cd-875a-fc23744cb361.xml'.
2021-12-13 11:35:36.597 +07:00 [INF] Now listening on: https://localhost:9001
2021-12-13 11:35:36.597 +07:00 [INF] Now listening on: http://localhost:9000
2021-12-13 11:35:36.597 +07:00 [INF] Application started. Press Ctrl+C to shut down.
2021-12-13 11:35:36.597 +07:00 [INF] Hosting environment: Development
2021-12-13 11:35:36.597 +07:00 [INF] Content root path: D:\Work\Edsolab\ioc\ioc_backend\cm-api\cm.BackendApi
2021-12-13 11:35:37.154 +07:00 [INF] Request starting HTTP/2 GET https://localhost:9001/swagger  
2021-12-13 11:35:37.175 +07:00 [INF] Request finished in 22.6166ms 301 
2021-12-13 11:35:37.176 +07:00 [INF] Request starting HTTP/2 GET https://localhost:9001/swagger/index.html  
2021-12-13 11:35:37.260 +07:00 [INF] Request finished in 83.9041ms 200 text/html;charset=utf-8
2021-12-13 11:35:37.270 +07:00 [INF] Request starting HTTP/2 GET https://localhost:9001/swagger/swagger-ui.css  
2021-12-13 11:35:37.271 +07:00 [INF] Request starting HTTP/2 GET https://localhost:9001/swagger/swagger-ui-bundle.js  
2021-12-13 11:35:37.271 +07:00 [INF] Request starting HTTP/2 GET https://localhost:9001/swagger/swagger-ui-standalone-preset.js  
2021-12-13 11:35:37.280 +07:00 [INF] Sending file. Request path: '/swagger-ui-standalone-preset.js'. Physical path: 'N/A'
2021-12-13 11:35:37.280 +07:00 [INF] Sending file. Request path: '/swagger-ui.css'. Physical path: 'N/A'
2021-12-13 11:35:37.280 +07:00 [INF] Sending file. Request path: '/swagger-ui-bundle.js'. Physical path: 'N/A'
2021-12-13 11:35:37.280 +07:00 [INF] Request finished in 9.4137ms 200 application/javascript
2021-12-13 11:35:37.280 +07:00 [INF] Request finished in 9.6144ms 200 text/css
2021-12-13 11:35:37.280 +07:00 [INF] Request finished in 9.5065ms 200 application/javascript
2021-12-13 11:35:37.387 +07:00 [INF] Request starting HTTP/2 GET https://localhost:9001/swagger/v1/swagger.json  
2021-12-13 11:35:37.403 +07:00 [INF] Request starting HTTP/2 GET https://localhost:9001/swagger/favicon-32x32.png  
2021-12-13 11:35:37.404 +07:00 [INF] Sending file. Request path: '/favicon-32x32.png'. Physical path: 'N/A'
2021-12-13 11:35:37.404 +07:00 [INF] Request finished in 0.4089ms 200 image/png
2021-12-13 11:35:37.557 +07:00 [INF] Request finished in 170.1928ms 200 application/json;charset=utf-8
